<?xml version="1.0" encoding="UTF-8"?>
<!-- Generated by org.testng.reporters.JUnitReportReporter -->
<testsuite hostname="Lenovo-PC" name="features.runTest" tests="1" failures="0" timestamp="23 Dec 2016 20:45:25 GMT" time="63.033" errors="0">
  <testcase name="feature" time="63.033" classname="features.runTest"/>
</testsuite> <!-- features.runTest -->
